<?xml version="1.0" encoding="UTF-8"?>
<!-- Generated by org.testng.reporters.JUnitReportReporter -->
<testsuite hostname="DESKTOP-NPI5C9K" failures="0" tests="1" name="TestNg_Practice.Login" time="11.974" errors="0" timestamp="2022-01-06T20:17:12 IST" skipped="0">
  <testcase classname="TestNg_Practice.Login" name="search" time="11.974"/>
  <system-out/>
</testsuite> <!-- TestNg_Practice.Login -->
