<?xml version="1.0" encoding="UTF-8"?>
<!-- Generated by org.testng.reporters.JUnitReportReporter -->
<testsuite hostname="DESKTOP-NPI5C9K" failures="0" tests="3" name="TestNg_Practice.Facebook_Test" time="2.119" errors="0" timestamp="2022-01-06T22:42:26 IST" skipped="0">
  <testcase classname="TestNg_Practice.Facebook_Test" name="login" time="1.632"/>
  <system-out/>
  <testcase classname="TestNg_Practice.Facebook_Test" name="enterPwd" time="0.248"/>
  <system-out/>
  <testcase classname="TestNg_Practice.Facebook_Test" name="enterEmail" time="0.239"/>
  <system-out/>
</testsuite> <!-- TestNg_Practice.Facebook_Test -->
